<?xml version="1.0" encoding="UTF-8"?>
<!-- Generated by org.testng.reporters.JUnitXMLReporter -->
<testsuite hostname="DESKTOP-R2N7VAA" ignored="2" name="Test1" tests="6" failures="2" timestamp="2022-05-15T12:09:27 IST" time="18.428" errors="0">
  <testcase name="sampleMethod1" time="0.008" classname="KTCTC.RR"/>
  <testcase name="sampleMethod2" time="0.003" classname="KTCTC.RR"/>
  <testcase name="simpleFromB" time="0.008" classname="KTCTC.BTest">
    <failure type="java.lang.AssertionError" message="expected [true] but found [false]">
      <![CDATA[java.lang.AssertionError: expected [true] but found [false]
at KTCTC.BTest.simpleFromB(BTest.java:26)
at java.util.ArrayList.forEach(Unknown Source)
... Removed 31 stack frames]]>
    </failure>
  </testcase> <!-- simpleFromB -->
  <testcase name="simpleFromBB" time="0.002" classname="KTCTC.BTest"/>
  <testcase name="simple" time="0.002" classname="KTCTC.ATest">
    <failure type="java.lang.AssertionError" message="expected [true] but found [false]">
      <![CDATA[java.lang.AssertionError: expected [true] but found [false]
at KTCTC.ATest.simple(ATest.java:29)
at java.util.ArrayList.forEach(Unknown Source)
... Removed 31 stack frames]]>
    </failure>
  </testcase> <!-- simple -->
  <testcase name="simple1" time="0.002" classname="KTCTC.ATest"/>
  <testcase name="@BeforeSuite beforeSuite" time="0.0" classname="com.uiFramework.KTCTC.testbase.TestBase">
    <ignored/>
  </testcase> <!-- @BeforeSuite beforeSuite -->
  <testcase name="@AfterSuite afterSuiteMethod" time="0.0" classname="com.uiFramework.KTCTC.testbase.TestBase">
    <ignored/>
  </testcase> <!-- @AfterSuite afterSuiteMethod -->
</testsuite> <!-- Test1 -->
